<?xml version="1.0" encoding="UTF-8"?>
<testng-results skipped="0" failed="0" total="1" passed="1">
  <reporter-output>
  </reporter-output>
  <suite name="Surefire suite" duration-ms="272" started-at="2016-09-03T01:58:31Z" finished-at="2016-09-03T01:58:31Z">
    <groups>
    </groups>
    <test name="Surefire test" duration-ms="272" started-at="2016-09-03T01:58:31Z" finished-at="2016-09-03T01:58:31Z">
      <class name="busbooking.AppTest">
        <test-method status="PASS" signature="testApp()[pri:0, instance:testApp(busbooking.AppTest)]" name="testApp" duration-ms="1" started-at="2016-09-03T03:58:31Z" finished-at="2016-09-03T03:58:31Z">
          <reporter-output>
          </reporter-output>
        </test-method> <!-- testApp -->
      </class> <!-- busbooking.AppTest -->
    </test> <!-- Surefire test -->
  </suite> <!-- Surefire suite -->
</testng-results>
